<?xml version="1.0" encoding="UTF-8"?>
<!-- Generated by org.testng.reporters.JUnitReportReporter -->
<testsuite hostname="DESKTOP-H0B0LJ7" failures="0" tests="1" name="__Lecture_DDM.KiteLoginTest2" time="1.826" errors="0" timestamp="2022-03-20T14:23:26 IST" skipped="0">
  <testcase classname="__Lecture_DDM.KiteLoginTest2" name="verifyUserID" time="1.826"/>
  <system-out>
    <![CDATA[running verify User ID TC]]>
  </system-out>
</testsuite> <!-- __Lecture_DDM.KiteLoginTest2 -->
