<?xml version="1.0" encoding="UTF-8"?>
<!-- Generated by org.testng.reporters.JUnitReportReporter -->
<testsuite hostname="DESKTOP-H0B0LJ7" failures="0" tests="2" name="Annotation.class2" time="0.007" errors="0" timestamp="2022-02-25T16:39:39 IST" skipped="0">
  <testcase classname="Annotation.class2" name="m2" time="0.000"/>
  <system-out/>
  <testcase classname="Annotation.class2" name="m1" time="0.007"/>
  <system-out/>
</testsuite> <!-- Annotation.class2 -->
