<?xml version="1.0" encoding="UTF-8"?>
<!-- Generated by org.testng.reporters.JUnitReportReporter -->
<testsuite hostname="DESKTOP-H0B0LJ7" failures="0" tests="1" name="__Lecture_Assertion.Assert_False" time="0.010" errors="0" timestamp="2022-03-05T11:15:08 IST" skipped="0">
  <testcase classname="__Lecture_Assertion.Assert_False" name="assertFalse" time="0.010"/>
  <system-out/>
</testsuite> <!-- __Lecture_Assertion.Assert_False -->
