<?xml version="1.0" encoding="UTF-8"?>
<!-- Generated by org.testng.reporters.JUnitReportReporter -->
<testsuite hostname="DESKTOP-H0B0LJ7" failures="0" tests="3" name="_Lecture_on_testsuit.Sample2" time="0.005" errors="0" timestamp="2022-03-06T10:56:39 IST" skipped="0">
  <testcase classname="_Lecture_on_testsuit.Sample2" name="TC5" time="0.002"/>
  <system-out>
    <![CDATA[---running TC5---]]>
  </system-out>
  <testcase classname="_Lecture_on_testsuit.Sample2" name="TC6" time="0.002"/>
  <system-out>
    <![CDATA[---running TC6---]]>
  </system-out>
  <testcase classname="_Lecture_on_testsuit.Sample2" name="TC4" time="0.001"/>
  <system-out>
    <![CDATA[---running TC4---]]>
  </system-out>
</testsuite> <!-- _Lecture_on_testsuit.Sample2 -->
