<?xml version="1.0" encoding="UTF-8"?>
<!-- Generated by org.testng.reporters.JUnitReportReporter -->
<testsuite hostname="DESKTOP-H0B0LJ7" failures="0" tests="1" name="__Lecture.TestNgTestClass" time="8.786" errors="0" timestamp="2022-02-25T12:11:25 IST" skipped="0">
  <testcase classname="__Lecture.TestNgTestClass" name="openApplication" time="8.786"/>
  <system-out/>
</testsuite> <!-- __Lecture.TestNgTestClass -->
