<?xml version="1.0" encoding="UTF-8"?>
<!-- Generated by org.testng.reporters.JUnitReportReporter -->
<testsuite hostname="DESKTOP-H0B0LJ7" failures="0" tests="5" name="Keyword.invocation" time="0.012" errors="0" timestamp="2022-03-06T13:03:06 IST" skipped="0">
  <testcase classname="Keyword.invocation" name="m1" time="0.001"/>
  <system-out/>
  <testcase classname="Keyword.invocation" name="m1" time="0.006"/>
  <system-out/>
  <testcase classname="Keyword.invocation" name="m1" time="0.002"/>
  <system-out/>
  <testcase classname="Keyword.invocation" name="m1" time="0.001"/>
  <system-out/>
  <testcase classname="Keyword.invocation" name="m1" time="0.002"/>
  <system-out/>
</testsuite> <!-- Keyword.invocation -->
