<?xml version="1.0" encoding="UTF-8"?>
<!-- Generated by org.testng.reporters.JUnitReportReporter -->
<testsuite hostname="DESKTOP-H0B0LJ7" failures="0" tests="2" name="Annotation.class1" time="0.006" errors="0" timestamp="2022-02-25T16:15:22 IST" skipped="0">
  <testcase classname="Annotation.class1" name="t1" time="0.001"/>
  <system-out/>
  <testcase classname="Annotation.class1" name="m1" time="0.005"/>
  <system-out/>
</testsuite> <!-- Annotation.class1 -->
