<?xml version="1.0" encoding="UTF-8"?>
<!-- Generated by org.testng.reporters.JUnitReportReporter -->
<testsuite hostname="DESKTOP-H0B0LJ7" failures="0" tests="1" name="Assertion.AssertTrue" time="0.010" errors="0" timestamp="2022-03-05T13:12:52 IST" skipped="0">
  <testcase classname="Assertion.AssertTrue" name="asserture" time="0.010"/>
  <system-out/>
</testsuite> <!-- Assertion.AssertTrue -->
