<?xml version="1.0" encoding="UTF-8"?>
<!-- Generated by org.testng.reporters.JUnitReportReporter -->
<testsuite hostname="DESKTOP-H0B0LJ7" failures="0" tests="1" name="Assertion.AssertNotEquals" time="0.009" errors="0" timestamp="2022-03-05T11:41:34 IST" skipped="0">
  <testcase classname="Assertion.AssertNotEquals" name="asser" time="0.009"/>
  <system-out/>
</testsuite> <!-- Assertion.AssertNotEquals -->
