<?xml version="1.0" encoding="UTF-8"?>
<!-- Generated by org.testng.reporters.JUnitReportReporter -->
<testsuite hostname="DESKTOP-H0B0LJ7" failures="0" tests="1" name="Pratice.class1" time="0.008" errors="0" timestamp="2022-02-24T22:21:19 IST" skipped="0">
  <testcase classname="Pratice.class1" name="t1" time="0.008"/>
  <system-out/>
</testsuite> <!-- Pratice.class1 -->
