<?xml version="1.0" encoding="UTF-8"?>
<!-- Generated by org.testng.reporters.JUnitReportReporter -->
<testsuite hostname="DESKTOP-H0B0LJ7" failures="0" tests="1" name="Testng_class.class1" time="6.044" errors="0" timestamp="2022-02-25T17:11:09 IST" skipped="0">
  <testcase classname="Testng_class.class1" name="m1" time="6.044"/>
  <system-out/>
</testsuite> <!-- Testng_class.class1 -->
