<?xml version="1.0" encoding="UTF-8"?>
<!-- Generated by org.testng.reporters.JUnitReportReporter -->
<testsuite hostname="DESKTOP-H0B0LJ7" failures="0" tests="1" name="Assertion.AssertNull1" time="0.009" errors="0" timestamp="2022-03-05T13:04:10 IST" skipped="0">
  <testcase classname="Assertion.AssertNull1" name="assertnull" time="0.009"/>
  <system-out/>
</testsuite> <!-- Assertion.AssertNull1 -->
