<?xml version="1.0" encoding="UTF-8"?>
<!-- Generated by org.testng.reporters.JUnitReportReporter -->
<testsuite hostname="DESKTOP-H0B0LJ7" failures="0" tests="3" name="__Lecture.EmailableReport" time="0.036" errors="0" timestamp="2022-02-25T08:20:52 IST" skipped="0">
  <testcase classname="__Lecture.EmailableReport" name="TC1" time="0.030"/>
  <system-out>
    <![CDATA[--running TC1--]]>
  </system-out>
  <testcase classname="__Lecture.EmailableReport" name="TC2" time="0.004"/>
  <system-out>
    <![CDATA[--running TC2--]]>
  </system-out>
  <testcase classname="__Lecture.EmailableReport" name="TC3" time="0.002"/>
  <system-out>
    <![CDATA[--running TC3--]]>
  </system-out>
</testsuite> <!-- __Lecture.EmailableReport -->
