<?xml version="1.0" encoding="UTF-8"?>
<!-- Generated by org.testng.reporters.JUnitReportReporter -->
<testsuite hostname="DESKTOP-H0B0LJ7" failures="0" tests="5" name="Keyword.keyword1" time="0.020" errors="0" timestamp="2022-02-25T16:52:26 IST" skipped="0">
  <testcase classname="Keyword.keyword1" name="m1" time="0.004"/>
  <system-out/>
  <testcase classname="Keyword.keyword1" name="m1" time="0.001"/>
  <system-out/>
  <testcase classname="Keyword.keyword1" name="m1" time="0.003"/>
  <system-out/>
  <testcase classname="Keyword.keyword1" name="m1" time="0.002"/>
  <system-out/>
  <testcase classname="Keyword.keyword1" name="m1" time="0.010"/>
  <system-out/>
</testsuite> <!-- Keyword.keyword1 -->
