<?xml version="1.0" encoding="UTF-8"?>
<!-- Generated by org.testng.reporters.JUnitReportReporter -->
<testsuite hostname="DESKTOP-H0B0LJ7" failures="0" tests="2" name="Grouping.Grp2" time="0.013" errors="0" timestamp="2022-03-20T16:49:43 IST" skipped="0">
  <testcase classname="Grouping.Grp2" name="TC3" time="0.001"/>
  <system-out>
    <![CDATA[running TC3]]>
  </system-out>
  <testcase classname="Grouping.Grp2" name="TC2" time="0.012"/>
  <system-out>
    <![CDATA[running TC2]]>
  </system-out>
</testsuite> <!-- Grouping.Grp2 -->
