<?xml version="1.0" encoding="UTF-8"?>
<!-- Generated by org.testng.reporters.JUnitReportReporter -->
<testsuite hostname="DESKTOP-H0B0LJ7" failures="0" tests="3" name="__Lecture.Keyword3_Enabled" time="0.009" errors="0" timestamp="2022-02-25T17:04:08 IST" skipped="2">
  <testcase classname="__Lecture.Keyword3_Enabled" name="TC1" time="0.009"/>
  <system-out>
    <![CDATA[---running TC1---]]>
  </system-out>
  <testcase classname="__Lecture.Keyword3_Enabled" name="TC2">
    <skipped/>
  </testcase> <!-- TC2 -->
  <system-out/>
  <testcase classname="__Lecture.Keyword3_Enabled" name="TC3">
    <skipped/>
  </testcase> <!-- TC3 -->
  <system-out/>
</testsuite> <!-- __Lecture.Keyword3_Enabled -->
