<?xml version="1.0" encoding="UTF-8"?>
<!-- Generated by org.testng.reporters.JUnitReportReporter -->
<testsuite hostname="DESKTOP-H0B0LJ7" failures="0" tests="1" name="__Lecture.TestNgTestClass" time="7.964" errors="0" timestamp="2022-02-25T11:52:33 IST" skipped="0">
  <testcase classname="__Lecture.TestNgTestClass" name="openApplication" time="7.964"/>
  <system-out/>
</testsuite> <!-- __Lecture.TestNgTestClass -->
