<?xml version="1.0" encoding="UTF-8"?>
<!-- Generated by org.testng.reporters.JUnitReportReporter -->
<testsuite hostname="DESKTOP-H0B0LJ7" failures="0" tests="2" name="Keyword.Enable" time="0.007" errors="0" timestamp="2022-02-25T17:06:25 IST" skipped="1">
  <testcase classname="Keyword.Enable" name="m2" time="0.007"/>
  <system-out/>
  <testcase classname="Keyword.Enable" name="m1">
    <skipped/>
  </testcase> <!-- m1 -->
  <system-out/>
</testsuite> <!-- Keyword.Enable -->
