<?xml version="1.0" encoding="UTF-8"?>
<!-- Generated by org.testng.reporters.JUnitReportReporter -->
<testsuite hostname="DESKTOP-H0B0LJ7" failures="0" tests="1" name="__Lecture_Grouping.Parallel2" time="13.848" errors="0" timestamp="2022-03-05T18:37:54 IST" skipped="0">
  <testcase classname="__Lecture_Grouping.Parallel2" name="openFacebookApp" time="13.848"/>
  <system-out>
    <![CDATA[running openKiteApp TC]]>
  </system-out>
</testsuite> <!-- __Lecture_Grouping.Parallel2 -->
