<?xml version="1.0" encoding="UTF-8"?>
<!-- Generated by org.testng.reporters.JUnitReportReporter -->
<testsuite hostname="DESKTOP-H0B0LJ7" failures="0" tests="4" name="Keyword.Priority" time="0.009" errors="0" timestamp="2022-02-25T17:03:59 IST" skipped="0">
  <testcase classname="Keyword.Priority" name="m1" time="0.007"/>
  <system-out/>
  <testcase classname="Keyword.Priority" name="m3" time="0.001"/>
  <system-out/>
  <testcase classname="Keyword.Priority" name="m2" time="0.000"/>
  <system-out/>
  <testcase classname="Keyword.Priority" name="m4" time="0.001"/>
  <system-out/>
</testsuite> <!-- Keyword.Priority -->
