<?xml version="1.0" encoding="UTF-8"?>
<!-- Generated by org.testng.reporters.JUnitReportReporter -->
<testsuite hostname="DESKTOP-H0B0LJ7" failures="0" tests="1" name="__Lecture_Assertion._assertEquals" time="0.020" errors="0" timestamp="2022-03-31T12:16:38 IST" skipped="0">
  <testcase classname="__Lecture_Assertion._assertEquals" name="assertEquals" time="0.020"/>
  <system-out/>
</testsuite> <!-- __Lecture_Assertion._assertEquals -->
