<?xml version="1.0" encoding="UTF-8"?>
<!-- Generated by org.testng.reporters.JUnitReportReporter -->
<testsuite hostname="DESKTOP-H0B0LJ7" failures="0" tests="3" name="_Lecture_on_testsuit.Sample1" time="0.016" errors="0" timestamp="2022-03-06T10:56:39 IST" skipped="0">
  <testcase classname="_Lecture_on_testsuit.Sample1" name="TC3" time="0.001"/>
  <system-out>
    <![CDATA[---running TC3---]]>
  </system-out>
  <testcase classname="_Lecture_on_testsuit.Sample1" name="TC2" time="0.001"/>
  <system-out>
    <![CDATA[---running TC2---]]>
  </system-out>
  <testcase classname="_Lecture_on_testsuit.Sample1" name="TC1" time="0.014"/>
  <system-out>
    <![CDATA[---running TC1---]]>
  </system-out>
</testsuite> <!-- _Lecture_on_testsuit.Sample1 -->
