<?xml version="1.0" encoding="UTF-8"?>
<!-- Generated by org.testng.reporters.JUnitReportReporter -->
<testsuite hostname="DESKTOP-H0B0LJ7" failures="0" tests="1" name="__Lecture_Grouping.Grouping_2" time="0.003" errors="0" timestamp="2022-03-24T09:43:43 IST" skipped="0">
  <testcase classname="__Lecture_Grouping.Grouping_2" name="TC1" time="0.003"/>
  <system-out>
    <![CDATA[running TC2.1]]>
  </system-out>
</testsuite> <!-- __Lecture_Grouping.Grouping_2 -->
