<?xml version="1.0" encoding="UTF-8"?>
<!-- Generated by org.testng.reporters.JUnitReportReporter -->
<testsuite hostname="DESKTOP-H0B0LJ7" failures="0" tests="2" name="__Lecture.Annotations" time="0.005" errors="0" timestamp="2022-03-06T12:03:00 IST" skipped="0">
  <testcase classname="__Lecture.Annotations" name="verifyUserID2" time="0.000"/>
  <system-out>
    <![CDATA[running verify userid2 TC]]>
  </system-out>
  <testcase classname="__Lecture.Annotations" name="verifyUserID1" time="0.005"/>
  <system-out>
    <![CDATA[running verify userid1 TC]]>
  </system-out>
</testsuite> <!-- __Lecture.Annotations -->
