<?xml version="1.0" encoding="UTF-8"?>
<!-- Generated by org.testng.reporters.JUnitReportReporter -->
<testsuite hostname="DESKTOP-H0B0LJ7" failures="0" tests="1" name="Assertion.assertequals1" time="0.011" errors="0" timestamp="2022-03-05T11:06:06 IST" skipped="0">
  <testcase classname="Assertion.assertequals1" name="Assertequals" time="0.011"/>
  <system-out/>
</testsuite> <!-- Assertion.assertequals1 -->
