<?xml version="1.0" encoding="UTF-8"?>
<!-- Generated by org.testng.reporters.JUnitReportReporter -->
<testsuite hostname="DESKTOP-H0B0LJ7" failures="0" tests="1" name="_Lecture_on_testsuit.NewTest" time="0.007" errors="0" timestamp="2022-02-28T14:12:43 IST" skipped="0">
  <testcase classname="_Lecture_on_testsuit.NewTest" name="f" time="0.007"/>
  <system-out/>
</testsuite> <!-- _Lecture_on_testsuit.NewTest -->
