<?xml version="1.0" encoding="UTF-8"?>
<!-- Generated by org.testng.reporters.JUnitReportReporter -->
<testsuite hostname="DESKTOP-H0B0LJ7" failures="0" tests="1" name="Assertion.AssertFalse1" time="0.010" errors="0" timestamp="2022-03-05T11:32:39 IST" skipped="0">
  <testcase classname="Assertion.AssertFalse1" name="assertfalse" time="0.010"/>
  <system-out/>
</testsuite> <!-- Assertion.AssertFalse1 -->
